<?xml version="1.0" encoding="UTF-8"?>
<!-- Generated by org.testng.reporters.JUnitReportReporter -->
<testsuite skipped="0" hostname="admin-PC" name="testCases.TC_001" tests="1" failures="0" timestamp="31 Dec 2017 14:05:13 GMT" time="8.454" errors="0">
  <testcase name="testcase" time="8.454" classname="testCases.TC_001"/>
</testsuite> <!-- testCases.TC_001 -->
