<?xml version="1.0" encoding="UTF-8"?>
<!-- Generated by org.testng.reporters.JUnitReportReporter -->
<testsuite skipped="0" hostname="admin-PC" name="testCases.TC_001" tests="1" failures="0" timestamp="31 Dec 2017 13:32:38 GMT" time="5.315" errors="0">
  <testcase name="testcase" time="5.315" classname="testCases.TC_001"/>
</testsuite> <!-- testCases.TC_001 -->
